<?xml version="1.0" encoding="utf-8" ?>
<!DOCTYPE html PUBLIC "-//W3C//DTD XHTML 1.0 Strict//EN"
        "http://www.w3.org/TR/xhtml1/DTD/xhtml1-strict.dtd">
<html xmlns="http://www.w3.org/1999/xhtml" xml:lang="" lang="">
<head>
  <title>Test Results Report - Test Suite</title>
  <meta http-equiv="Content-Type" content="text/html;charset=utf-8" />
  <meta name="description" content="TestNG unit test results." />
  <link href="reportng.css" rel="stylesheet" type="text/css" />
    <script type="text/javascript" src="reportng.js"></script>
</head>
<body>
<h1>Test Suite</h1>
<p>
  Test duration: 54.463s
</p>



  <table class="resultsTable">
    <tr><th colspan="3" class="header failed">Failed Tests</th></tr>
          <tr>
        <td colspan="3" class="group">com.test.testng.orangeHrm.HomepageTest</td>
      </tr>
            
<tr>
  <td class="method">
                  assignLeaveTest
      </td>
  <td class="duration">
    0.060s
  </td>
  <td class="result">
        
    
            <div class="testOutput">
                        <a href= C:\Users\Vasant\eclipse-workspace\testng.orangeHrm2\screenshot\Tue_Jun_07_17_15_49_IST_2022.jpg target="_blank">Screenshot link</a>
                                <br>
                                <a href=C:\Users\Vasant\eclipse-workspace\testng.orangeHrm2\screenshot\Tue_Jun_07_17_15_49_IST_2022.jpg target="_blank"><img height=200 width=200 src=C:\Users\Vasant\eclipse-workspace\testng.orangeHrm2\screenshot\Tue_Jun_07_17_15_49_IST_2022.jpg></a>
                  </div>
    

        <a href="javascript:toggleElement('exception-0', 'block')" title="Click to expand/collapse"><b>org.openqa.selenium.NoSuchElementException: no such element: Unable to locate element: {&quot;method&quot;:&quot;xpath&quot;,&quot;selector&quot;:&quot;//span[contains(text(),&apos;Assign Leave&apos;)]&quot;}<br/>
&nbsp; (Session info: chrome=102.0.5005.63)<br/>
For documentation on this error, please visit: https://www.seleniumhq.org/exceptions/no_such_element.html<br/>
Build info: version: &apos;3.141.59&apos;, revision: &apos;e82be7d358&apos;, time: &apos;2018-11-14T08:17:03&apos;<br/>
System info: host: &apos;LAPTOP-02O5LAUF&apos;, ip: &apos;192.168.1.6&apos;, os.name: &apos;Windows 10&apos;, os.arch: &apos;amd64&apos;, os.version: &apos;10.0&apos;, java.version: &apos;11.0.10&apos;<br/>
Driver info: org.openqa.selenium.chrome.ChromeDriver<br/>
Capabilities {acceptInsecureCerts: false, browserName: chrome, browserVersion: 102.0.5005.63, chrome: {chromedriverVersion: 102.0.5005.61 (0e59bcc00cc4..., userDataDir: C:\Users\Vasant\AppData\Loc...}, goog:chromeOptions: {debuggerAddress: localhost:54064}, javascriptEnabled: true, networkConnectionEnabled: false, pageLoadStrategy: normal, platform: WINDOWS, platformName: WINDOWS, proxy: Proxy(), setWindowRect: true, strictFileInteractability: false, timeouts: {implicit: 0, pageLoad: 300000, script: 30000}, unhandledPromptBehavior: dismiss and notify, webauthn:extension:credBlob: true, webauthn:extension:largeBlob: true, webauthn:virtualAuthenticators: true}<br/>
Session ID: a54f2fd69c0f44887b2afc9385541db5<br/>
*** Element info: {Using=xpath, value=//span[contains(text(),&apos;Assign Leave&apos;)]}</b></a><br />
    <div class="stackTrace" id="exception-0">
              java.base/jdk.internal.reflect.NativeConstructorAccessorImpl.newInstance0(Native Method)<br />
              java.base/jdk.internal.reflect.NativeConstructorAccessorImpl.newInstance(NativeConstructorAccessorImpl.java:62)<br />
              java.base/jdk.internal.reflect.DelegatingConstructorAccessorImpl.newInstance(DelegatingConstructorAccessorImpl.java:45)<br />
              java.base/java.lang.reflect.Constructor.newInstance(Constructor.java:490)<br />
              org.openqa.selenium.remote.http.W3CHttpResponseCodec.createException(W3CHttpResponseCodec.java:187)<br />
              org.openqa.selenium.remote.http.W3CHttpResponseCodec.decode(W3CHttpResponseCodec.java:122)<br />
              org.openqa.selenium.remote.http.W3CHttpResponseCodec.decode(W3CHttpResponseCodec.java:49)<br />
              org.openqa.selenium.remote.HttpCommandExecutor.execute(HttpCommandExecutor.java:158)<br />
              org.openqa.selenium.remote.service.DriverCommandExecutor.execute(DriverCommandExecutor.java:83)<br />
              org.openqa.selenium.remote.RemoteWebDriver.execute(RemoteWebDriver.java:552)<br />
              org.openqa.selenium.remote.RemoteWebDriver.findElement(RemoteWebDriver.java:323)<br />
              org.openqa.selenium.remote.RemoteWebDriver.findElementByXPath(RemoteWebDriver.java:428)<br />
              org.openqa.selenium.By$ByXPath.findElement(By.java:353)<br />
              org.openqa.selenium.remote.RemoteWebDriver.findElement(RemoteWebDriver.java:315)<br />
              org.openqa.selenium.support.pagefactory.DefaultElementLocator.findElement(DefaultElementLocator.java:69)<br />
              org.openqa.selenium.support.pagefactory.internal.LocatingElementHandler.invoke(LocatingElementHandler.java:38)<br />
              com.sun.proxy.$Proxy12.getText(Unknown Source)<br />
              Pages.HomePage.verifyAssignLeave(HomePage.java:57)<br />
              com.test.testng.orangeHrm.HomepageTest.assignLeaveTest(HomepageTest.java:41)<br />
              java.base/jdk.internal.reflect.NativeMethodAccessorImpl.invoke0(Native Method)<br />
              java.base/jdk.internal.reflect.NativeMethodAccessorImpl.invoke(NativeMethodAccessorImpl.java:62)<br />
              java.base/jdk.internal.reflect.DelegatingMethodAccessorImpl.invoke(DelegatingMethodAccessorImpl.java:43)<br />
              java.base/java.lang.reflect.Method.invoke(Method.java:566)<br />
              org.testng.internal.MethodInvocationHelper.invokeMethod(MethodInvocationHelper.java:133)<br />
              org.testng.internal.TestInvoker.invokeMethod(TestInvoker.java:598)<br />
              org.testng.internal.TestInvoker.invokeTestMethod(TestInvoker.java:173)<br />
              org.testng.internal.MethodRunner.runInSequence(MethodRunner.java:46)<br />
              org.testng.internal.TestInvoker$MethodInvocationAgent.invoke(TestInvoker.java:824)<br />
              org.testng.internal.TestInvoker.invokeTestMethods(TestInvoker.java:146)<br />
              org.testng.internal.TestMethodWorker.invokeTestMethods(TestMethodWorker.java:146)<br />
              org.testng.internal.TestMethodWorker.run(TestMethodWorker.java:128)<br />
              java.base/java.util.ArrayList.forEach(ArrayList.java:1541)<br />
              org.testng.TestRunner.privateRun(TestRunner.java:794)<br />
              org.testng.TestRunner.run(TestRunner.java:596)<br />
              org.testng.SuiteRunner.runTest(SuiteRunner.java:377)<br />
              org.testng.SuiteRunner.runSequentially(SuiteRunner.java:371)<br />
              org.testng.SuiteRunner.privateRun(SuiteRunner.java:332)<br />
              org.testng.SuiteRunner.run(SuiteRunner.java:276)<br />
              org.testng.SuiteRunnerWorker.runSuite(SuiteRunnerWorker.java:53)<br />
              org.testng.SuiteRunnerWorker.run(SuiteRunnerWorker.java:96)<br />
              org.testng.TestNG.runSuitesSequentially(TestNG.java:1212)<br />
              org.testng.TestNG.runSuitesLocally(TestNG.java:1134)<br />
              org.testng.TestNG.runSuites(TestNG.java:1063)<br />
              org.testng.TestNG.run(TestNG.java:1031)<br />
              org.testng.remote.AbstractRemoteTestNG.run(AbstractRemoteTestNG.java:115)<br />
              org.testng.remote.RemoteTestNG.initAndRun(RemoteTestNG.java:251)<br />
              org.testng.remote.RemoteTestNG.main(RemoteTestNG.java:77)<br />
                </div>
      </td>
</tr>
<tr>
  <td class="method">
                  myInfoEditBtn
      </td>
  <td class="duration">
    0.045s
  </td>
  <td class="result">
        
    
            <div class="testOutput">
                        <a href= C:\Users\Vasant\eclipse-workspace\testng.orangeHrm2\screenshot\Tue_Jun_07_17_16_00_IST_2022.jpg target="_blank">Screenshot link</a>
                                <br>
                                <a href=C:\Users\Vasant\eclipse-workspace\testng.orangeHrm2\screenshot\Tue_Jun_07_17_16_00_IST_2022.jpg target="_blank"><img height=200 width=200 src=C:\Users\Vasant\eclipse-workspace\testng.orangeHrm2\screenshot\Tue_Jun_07_17_16_00_IST_2022.jpg></a>
                  </div>
    

        <a href="javascript:toggleElement('exception-1', 'block')" title="Click to expand/collapse"><b>org.openqa.selenium.NoSuchElementException: no such element: Unable to locate element: {&quot;method&quot;:&quot;xpath&quot;,&quot;selector&quot;:&quot;//b[normalize-space()=&apos;My Info&apos;]&quot;}<br/>
&nbsp; (Session info: chrome=102.0.5005.63)<br/>
For documentation on this error, please visit: https://www.seleniumhq.org/exceptions/no_such_element.html<br/>
Build info: version: &apos;3.141.59&apos;, revision: &apos;e82be7d358&apos;, time: &apos;2018-11-14T08:17:03&apos;<br/>
System info: host: &apos;LAPTOP-02O5LAUF&apos;, ip: &apos;192.168.1.6&apos;, os.name: &apos;Windows 10&apos;, os.arch: &apos;amd64&apos;, os.version: &apos;10.0&apos;, java.version: &apos;11.0.10&apos;<br/>
Driver info: org.openqa.selenium.chrome.ChromeDriver<br/>
Capabilities {acceptInsecureCerts: false, browserName: chrome, browserVersion: 102.0.5005.63, chrome: {chromedriverVersion: 102.0.5005.61 (0e59bcc00cc4..., userDataDir: C:\Users\Vasant\AppData\Loc...}, goog:chromeOptions: {debuggerAddress: localhost:54083}, javascriptEnabled: true, networkConnectionEnabled: false, pageLoadStrategy: normal, platform: WINDOWS, platformName: WINDOWS, proxy: Proxy(), setWindowRect: true, strictFileInteractability: false, timeouts: {implicit: 0, pageLoad: 300000, script: 30000}, unhandledPromptBehavior: dismiss and notify, webauthn:extension:credBlob: true, webauthn:extension:largeBlob: true, webauthn:virtualAuthenticators: true}<br/>
Session ID: 3818ff90586971620cd11ccdc3a0a3b2<br/>
*** Element info: {Using=xpath, value=//b[normalize-space()=&apos;My Info&apos;]}</b></a><br />
    <div class="stackTrace" id="exception-1">
              java.base/jdk.internal.reflect.NativeConstructorAccessorImpl.newInstance0(Native Method)<br />
              java.base/jdk.internal.reflect.NativeConstructorAccessorImpl.newInstance(NativeConstructorAccessorImpl.java:62)<br />
              java.base/jdk.internal.reflect.DelegatingConstructorAccessorImpl.newInstance(DelegatingConstructorAccessorImpl.java:45)<br />
              java.base/java.lang.reflect.Constructor.newInstance(Constructor.java:490)<br />
              org.openqa.selenium.remote.http.W3CHttpResponseCodec.createException(W3CHttpResponseCodec.java:187)<br />
              org.openqa.selenium.remote.http.W3CHttpResponseCodec.decode(W3CHttpResponseCodec.java:122)<br />
              org.openqa.selenium.remote.http.W3CHttpResponseCodec.decode(W3CHttpResponseCodec.java:49)<br />
              org.openqa.selenium.remote.HttpCommandExecutor.execute(HttpCommandExecutor.java:158)<br />
              org.openqa.selenium.remote.service.DriverCommandExecutor.execute(DriverCommandExecutor.java:83)<br />
              org.openqa.selenium.remote.RemoteWebDriver.execute(RemoteWebDriver.java:552)<br />
              org.openqa.selenium.remote.RemoteWebDriver.findElement(RemoteWebDriver.java:323)<br />
              org.openqa.selenium.remote.RemoteWebDriver.findElementByXPath(RemoteWebDriver.java:428)<br />
              org.openqa.selenium.By$ByXPath.findElement(By.java:353)<br />
              org.openqa.selenium.remote.RemoteWebDriver.findElement(RemoteWebDriver.java:315)<br />
              org.openqa.selenium.support.pagefactory.DefaultElementLocator.findElement(DefaultElementLocator.java:69)<br />
              org.openqa.selenium.support.pagefactory.internal.LocatingElementHandler.invoke(LocatingElementHandler.java:38)<br />
              com.sun.proxy.$Proxy12.click(Unknown Source)<br />
              Pages.HomePage.verifyMyinfoEdit(HomePage.java:71)<br />
              com.test.testng.orangeHrm.HomepageTest.myInfoEditBtn(HomepageTest.java:51)<br />
              java.base/jdk.internal.reflect.NativeMethodAccessorImpl.invoke0(Native Method)<br />
              java.base/jdk.internal.reflect.NativeMethodAccessorImpl.invoke(NativeMethodAccessorImpl.java:62)<br />
              java.base/jdk.internal.reflect.DelegatingMethodAccessorImpl.invoke(DelegatingMethodAccessorImpl.java:43)<br />
              java.base/java.lang.reflect.Method.invoke(Method.java:566)<br />
              org.testng.internal.MethodInvocationHelper.invokeMethod(MethodInvocationHelper.java:133)<br />
              org.testng.internal.TestInvoker.invokeMethod(TestInvoker.java:598)<br />
              org.testng.internal.TestInvoker.invokeTestMethod(TestInvoker.java:173)<br />
              org.testng.internal.MethodRunner.runInSequence(MethodRunner.java:46)<br />
              org.testng.internal.TestInvoker$MethodInvocationAgent.invoke(TestInvoker.java:824)<br />
              org.testng.internal.TestInvoker.invokeTestMethods(TestInvoker.java:146)<br />
              org.testng.internal.TestMethodWorker.invokeTestMethods(TestMethodWorker.java:146)<br />
              org.testng.internal.TestMethodWorker.run(TestMethodWorker.java:128)<br />
              java.base/java.util.ArrayList.forEach(ArrayList.java:1541)<br />
              org.testng.TestRunner.privateRun(TestRunner.java:794)<br />
              org.testng.TestRunner.run(TestRunner.java:596)<br />
              org.testng.SuiteRunner.runTest(SuiteRunner.java:377)<br />
              org.testng.SuiteRunner.runSequentially(SuiteRunner.java:371)<br />
              org.testng.SuiteRunner.privateRun(SuiteRunner.java:332)<br />
              org.testng.SuiteRunner.run(SuiteRunner.java:276)<br />
              org.testng.SuiteRunnerWorker.runSuite(SuiteRunnerWorker.java:53)<br />
              org.testng.SuiteRunnerWorker.run(SuiteRunnerWorker.java:96)<br />
              org.testng.TestNG.runSuitesSequentially(TestNG.java:1212)<br />
              org.testng.TestNG.runSuitesLocally(TestNG.java:1134)<br />
              org.testng.TestNG.runSuites(TestNG.java:1063)<br />
              org.testng.TestNG.run(TestNG.java:1031)<br />
              org.testng.remote.AbstractRemoteTestNG.run(AbstractRemoteTestNG.java:115)<br />
              org.testng.remote.RemoteTestNG.initAndRun(RemoteTestNG.java:251)<br />
              org.testng.remote.RemoteTestNG.main(RemoteTestNG.java:77)<br />
                </div>
      </td>
</tr>
<tr>
  <td class="method">
                  subscribeBtn
      </td>
  <td class="duration">
    0.052s
  </td>
  <td class="result">
        
    
            <div class="testOutput">
                        <a href= C:\Users\Vasant\eclipse-workspace\testng.orangeHrm2\screenshot\Tue_Jun_07_17_16_10_IST_2022.jpg target="_blank">Screenshot link</a>
                                <br>
                                <a href=C:\Users\Vasant\eclipse-workspace\testng.orangeHrm2\screenshot\Tue_Jun_07_17_16_10_IST_2022.jpg target="_blank"><img height=200 width=200 src=C:\Users\Vasant\eclipse-workspace\testng.orangeHrm2\screenshot\Tue_Jun_07_17_16_10_IST_2022.jpg></a>
                  </div>
    

        <a href="javascript:toggleElement('exception-2', 'block')" title="Click to expand/collapse"><b>org.openqa.selenium.NoSuchElementException: no such element: Unable to locate element: {&quot;method&quot;:&quot;xpath&quot;,&quot;selector&quot;:&quot;//input[@value=&apos;Subscribe&apos;]&quot;}<br/>
&nbsp; (Session info: chrome=102.0.5005.63)<br/>
For documentation on this error, please visit: https://www.seleniumhq.org/exceptions/no_such_element.html<br/>
Build info: version: &apos;3.141.59&apos;, revision: &apos;e82be7d358&apos;, time: &apos;2018-11-14T08:17:03&apos;<br/>
System info: host: &apos;LAPTOP-02O5LAUF&apos;, ip: &apos;192.168.1.6&apos;, os.name: &apos;Windows 10&apos;, os.arch: &apos;amd64&apos;, os.version: &apos;10.0&apos;, java.version: &apos;11.0.10&apos;<br/>
Driver info: org.openqa.selenium.chrome.ChromeDriver<br/>
Capabilities {acceptInsecureCerts: false, browserName: chrome, browserVersion: 102.0.5005.63, chrome: {chromedriverVersion: 102.0.5005.61 (0e59bcc00cc4..., userDataDir: C:\Users\Vasant\AppData\Loc...}, goog:chromeOptions: {debuggerAddress: localhost:54102}, javascriptEnabled: true, networkConnectionEnabled: false, pageLoadStrategy: normal, platform: WINDOWS, platformName: WINDOWS, proxy: Proxy(), setWindowRect: true, strictFileInteractability: false, timeouts: {implicit: 0, pageLoad: 300000, script: 30000}, unhandledPromptBehavior: dismiss and notify, webauthn:extension:credBlob: true, webauthn:extension:largeBlob: true, webauthn:virtualAuthenticators: true}<br/>
Session ID: 35bdaf472b9c46f47bce428eb399c89e<br/>
*** Element info: {Using=xpath, value=//input[@value=&apos;Subscribe&apos;]}</b></a><br />
    <div class="stackTrace" id="exception-2">
              java.base/jdk.internal.reflect.NativeConstructorAccessorImpl.newInstance0(Native Method)<br />
              java.base/jdk.internal.reflect.NativeConstructorAccessorImpl.newInstance(NativeConstructorAccessorImpl.java:62)<br />
              java.base/jdk.internal.reflect.DelegatingConstructorAccessorImpl.newInstance(DelegatingConstructorAccessorImpl.java:45)<br />
              java.base/java.lang.reflect.Constructor.newInstance(Constructor.java:490)<br />
              org.openqa.selenium.remote.http.W3CHttpResponseCodec.createException(W3CHttpResponseCodec.java:187)<br />
              org.openqa.selenium.remote.http.W3CHttpResponseCodec.decode(W3CHttpResponseCodec.java:122)<br />
              org.openqa.selenium.remote.http.W3CHttpResponseCodec.decode(W3CHttpResponseCodec.java:49)<br />
              org.openqa.selenium.remote.HttpCommandExecutor.execute(HttpCommandExecutor.java:158)<br />
              org.openqa.selenium.remote.service.DriverCommandExecutor.execute(DriverCommandExecutor.java:83)<br />
              org.openqa.selenium.remote.RemoteWebDriver.execute(RemoteWebDriver.java:552)<br />
              org.openqa.selenium.remote.RemoteWebDriver.findElement(RemoteWebDriver.java:323)<br />
              org.openqa.selenium.remote.RemoteWebDriver.findElementByXPath(RemoteWebDriver.java:428)<br />
              org.openqa.selenium.By$ByXPath.findElement(By.java:353)<br />
              org.openqa.selenium.remote.RemoteWebDriver.findElement(RemoteWebDriver.java:315)<br />
              org.openqa.selenium.support.pagefactory.DefaultElementLocator.findElement(DefaultElementLocator.java:69)<br />
              org.openqa.selenium.support.pagefactory.internal.LocatingElementHandler.invoke(LocatingElementHandler.java:38)<br />
              com.sun.proxy.$Proxy12.isDisplayed(Unknown Source)<br />
              Pages.HomePage.verifySubscribebtn(HomePage.java:50)<br />
              com.test.testng.orangeHrm.HomepageTest.subscribeBtn(HomepageTest.java:35)<br />
              java.base/jdk.internal.reflect.NativeMethodAccessorImpl.invoke0(Native Method)<br />
              java.base/jdk.internal.reflect.NativeMethodAccessorImpl.invoke(NativeMethodAccessorImpl.java:62)<br />
              java.base/jdk.internal.reflect.DelegatingMethodAccessorImpl.invoke(DelegatingMethodAccessorImpl.java:43)<br />
              java.base/java.lang.reflect.Method.invoke(Method.java:566)<br />
              org.testng.internal.MethodInvocationHelper.invokeMethod(MethodInvocationHelper.java:133)<br />
              org.testng.internal.TestInvoker.invokeMethod(TestInvoker.java:598)<br />
              org.testng.internal.TestInvoker.invokeTestMethod(TestInvoker.java:173)<br />
              org.testng.internal.MethodRunner.runInSequence(MethodRunner.java:46)<br />
              org.testng.internal.TestInvoker$MethodInvocationAgent.invoke(TestInvoker.java:824)<br />
              org.testng.internal.TestInvoker.invokeTestMethods(TestInvoker.java:146)<br />
              org.testng.internal.TestMethodWorker.invokeTestMethods(TestMethodWorker.java:146)<br />
              org.testng.internal.TestMethodWorker.run(TestMethodWorker.java:128)<br />
              java.base/java.util.ArrayList.forEach(ArrayList.java:1541)<br />
              org.testng.TestRunner.privateRun(TestRunner.java:794)<br />
              org.testng.TestRunner.run(TestRunner.java:596)<br />
              org.testng.SuiteRunner.runTest(SuiteRunner.java:377)<br />
              org.testng.SuiteRunner.runSequentially(SuiteRunner.java:371)<br />
              org.testng.SuiteRunner.privateRun(SuiteRunner.java:332)<br />
              org.testng.SuiteRunner.run(SuiteRunner.java:276)<br />
              org.testng.SuiteRunnerWorker.runSuite(SuiteRunnerWorker.java:53)<br />
              org.testng.SuiteRunnerWorker.run(SuiteRunnerWorker.java:96)<br />
              org.testng.TestNG.runSuitesSequentially(TestNG.java:1212)<br />
              org.testng.TestNG.runSuitesLocally(TestNG.java:1134)<br />
              org.testng.TestNG.runSuites(TestNG.java:1063)<br />
              org.testng.TestNG.run(TestNG.java:1031)<br />
              org.testng.remote.AbstractRemoteTestNG.run(AbstractRemoteTestNG.java:115)<br />
              org.testng.remote.RemoteTestNG.initAndRun(RemoteTestNG.java:251)<br />
              org.testng.remote.RemoteTestNG.main(RemoteTestNG.java:77)<br />
                </div>
      </td>
</tr>
<tr>
  <td class="method">
                  verifybtnTest
      </td>
  <td class="duration">
    0.044s
  </td>
  <td class="result">
        
    
            <div class="testOutput">
                        <a href= C:\Users\Vasant\eclipse-workspace\testng.orangeHrm2\screenshot\Tue_Jun_07_17_16_22_IST_2022.jpg target="_blank">Screenshot link</a>
                                <br>
                                <a href=C:\Users\Vasant\eclipse-workspace\testng.orangeHrm2\screenshot\Tue_Jun_07_17_16_22_IST_2022.jpg target="_blank"><img height=200 width=200 src=C:\Users\Vasant\eclipse-workspace\testng.orangeHrm2\screenshot\Tue_Jun_07_17_16_22_IST_2022.jpg></a>
                  </div>
    

        <a href="javascript:toggleElement('exception-3', 'block')" title="Click to expand/collapse"><b>org.openqa.selenium.NoSuchElementException: no such element: Unable to locate element: {&quot;method&quot;:&quot;xpath&quot;,&quot;selector&quot;:&quot;//b[normalize-space()=&apos;Maintenance&apos;]&quot;}<br/>
&nbsp; (Session info: chrome=102.0.5005.63)<br/>
For documentation on this error, please visit: https://www.seleniumhq.org/exceptions/no_such_element.html<br/>
Build info: version: &apos;3.141.59&apos;, revision: &apos;e82be7d358&apos;, time: &apos;2018-11-14T08:17:03&apos;<br/>
System info: host: &apos;LAPTOP-02O5LAUF&apos;, ip: &apos;192.168.1.6&apos;, os.name: &apos;Windows 10&apos;, os.arch: &apos;amd64&apos;, os.version: &apos;10.0&apos;, java.version: &apos;11.0.10&apos;<br/>
Driver info: org.openqa.selenium.chrome.ChromeDriver<br/>
Capabilities {acceptInsecureCerts: false, browserName: chrome, browserVersion: 102.0.5005.63, chrome: {chromedriverVersion: 102.0.5005.61 (0e59bcc00cc4..., userDataDir: C:\Users\Vasant\AppData\Loc...}, goog:chromeOptions: {debuggerAddress: localhost:54121}, javascriptEnabled: true, networkConnectionEnabled: false, pageLoadStrategy: normal, platform: WINDOWS, platformName: WINDOWS, proxy: Proxy(), setWindowRect: true, strictFileInteractability: false, timeouts: {implicit: 0, pageLoad: 300000, script: 30000}, unhandledPromptBehavior: dismiss and notify, webauthn:extension:credBlob: true, webauthn:extension:largeBlob: true, webauthn:virtualAuthenticators: true}<br/>
Session ID: b51befe7cc2226c84c08ba5c04d5cef6<br/>
*** Element info: {Using=xpath, value=//b[normalize-space()=&apos;Maintenance&apos;]}</b></a><br />
    <div class="stackTrace" id="exception-3">
              java.base/jdk.internal.reflect.NativeConstructorAccessorImpl.newInstance0(Native Method)<br />
              java.base/jdk.internal.reflect.NativeConstructorAccessorImpl.newInstance(NativeConstructorAccessorImpl.java:62)<br />
              java.base/jdk.internal.reflect.DelegatingConstructorAccessorImpl.newInstance(DelegatingConstructorAccessorImpl.java:45)<br />
              java.base/java.lang.reflect.Constructor.newInstance(Constructor.java:490)<br />
              org.openqa.selenium.remote.http.W3CHttpResponseCodec.createException(W3CHttpResponseCodec.java:187)<br />
              org.openqa.selenium.remote.http.W3CHttpResponseCodec.decode(W3CHttpResponseCodec.java:122)<br />
              org.openqa.selenium.remote.http.W3CHttpResponseCodec.decode(W3CHttpResponseCodec.java:49)<br />
              org.openqa.selenium.remote.HttpCommandExecutor.execute(HttpCommandExecutor.java:158)<br />
              org.openqa.selenium.remote.service.DriverCommandExecutor.execute(DriverCommandExecutor.java:83)<br />
              org.openqa.selenium.remote.RemoteWebDriver.execute(RemoteWebDriver.java:552)<br />
              org.openqa.selenium.remote.RemoteWebDriver.findElement(RemoteWebDriver.java:323)<br />
              org.openqa.selenium.remote.RemoteWebDriver.findElementByXPath(RemoteWebDriver.java:428)<br />
              org.openqa.selenium.By$ByXPath.findElement(By.java:353)<br />
              org.openqa.selenium.remote.RemoteWebDriver.findElement(RemoteWebDriver.java:315)<br />
              org.openqa.selenium.support.pagefactory.DefaultElementLocator.findElement(DefaultElementLocator.java:69)<br />
              org.openqa.selenium.support.pagefactory.internal.LocatingElementHandler.invoke(LocatingElementHandler.java:38)<br />
              com.sun.proxy.$Proxy12.click(Unknown Source)<br />
              Pages.HomePage.verifyBtn(HomePage.java:63)<br />
              com.test.testng.orangeHrm.HomepageTest.verifybtnTest(HomepageTest.java:46)<br />
              java.base/jdk.internal.reflect.NativeMethodAccessorImpl.invoke0(Native Method)<br />
              java.base/jdk.internal.reflect.NativeMethodAccessorImpl.invoke(NativeMethodAccessorImpl.java:62)<br />
              java.base/jdk.internal.reflect.DelegatingMethodAccessorImpl.invoke(DelegatingMethodAccessorImpl.java:43)<br />
              java.base/java.lang.reflect.Method.invoke(Method.java:566)<br />
              org.testng.internal.MethodInvocationHelper.invokeMethod(MethodInvocationHelper.java:133)<br />
              org.testng.internal.TestInvoker.invokeMethod(TestInvoker.java:598)<br />
              org.testng.internal.TestInvoker.invokeTestMethod(TestInvoker.java:173)<br />
              org.testng.internal.MethodRunner.runInSequence(MethodRunner.java:46)<br />
              org.testng.internal.TestInvoker$MethodInvocationAgent.invoke(TestInvoker.java:824)<br />
              org.testng.internal.TestInvoker.invokeTestMethods(TestInvoker.java:146)<br />
              org.testng.internal.TestMethodWorker.invokeTestMethods(TestMethodWorker.java:146)<br />
              org.testng.internal.TestMethodWorker.run(TestMethodWorker.java:128)<br />
              java.base/java.util.ArrayList.forEach(ArrayList.java:1541)<br />
              org.testng.TestRunner.privateRun(TestRunner.java:794)<br />
              org.testng.TestRunner.run(TestRunner.java:596)<br />
              org.testng.SuiteRunner.runTest(SuiteRunner.java:377)<br />
              org.testng.SuiteRunner.runSequentially(SuiteRunner.java:371)<br />
              org.testng.SuiteRunner.privateRun(SuiteRunner.java:332)<br />
              org.testng.SuiteRunner.run(SuiteRunner.java:276)<br />
              org.testng.SuiteRunnerWorker.runSuite(SuiteRunnerWorker.java:53)<br />
              org.testng.SuiteRunnerWorker.run(SuiteRunnerWorker.java:96)<br />
              org.testng.TestNG.runSuitesSequentially(TestNG.java:1212)<br />
              org.testng.TestNG.runSuitesLocally(TestNG.java:1134)<br />
              org.testng.TestNG.runSuites(TestNG.java:1063)<br />
              org.testng.TestNG.run(TestNG.java:1031)<br />
              org.testng.remote.AbstractRemoteTestNG.run(AbstractRemoteTestNG.java:115)<br />
              org.testng.remote.RemoteTestNG.initAndRun(RemoteTestNG.java:251)<br />
              org.testng.remote.RemoteTestNG.main(RemoteTestNG.java:77)<br />
                </div>
      </td>
</tr>
      </table>


  <table class="resultsTable">
    <tr><th colspan="3" class="header passed">Passed Tests</th></tr>
          <tr>
        <td colspan="3" class="group">com.test.testng.orangeHrm.Tests</td>
      </tr>
            
<tr>
  <td class="method">
                  loginTest
      </td>
  <td class="duration">
    1.701s
  </td>
  <td class="result">
        
    
        

      </td>
</tr>
      </table>
  
</body>
</html>
